#
# An unexpected error has occurred (11)
#
Stack:
/opt/Xilinx/Vivado/2021.2/tps/lnx64/jre11.0.11_9/lib//server/libjvm.so(+0xbefecb) [0x7f1858dadecb]
/opt/Xilinx/Vivado/2021.2/tps/lnx64/jre11.0.11_9/lib//server/libjvm.so(JVM_handle_linux_signal+0xd1) [0x7f1858db4c81]
/opt/Xilinx/Vivado/2021.2/tps/lnx64/jre11.0.11_9/lib//server/libjvm.so(+0xbead23) [0x7f1858da8d23]
/lib/x86_64-linux-gnu/libc.so.6(+0x430c0) [0x7f18b54780c0]
/opt/Xilinx/Vivado/2021.2/lib/lnx64.o/librdi_simbridge_kernel.so(SimBridge::WdbCommonReader::getLatestTime() const+0xc) [0x7f185f3d8d2c]
/opt/Xilinx/Vivado/2021.2/lib/lnx64.o/librdi_simbridge_kernel.so(SimBridge::WdbLiveReader::getLatestTime() const+0x33) [0x7f185f3ec533]
/opt/Xilinx/Vivado/2021.2/lib/lnx64.o/librdi_wavedata.so(SimBridge::WdbDataSource::getTransitions(SimBridge::DataObj const*, long long, long long, long long, std::vector<SimBridge::Transition, std::allocator<SimBridge::Transition> >&) const+0x6a) [0x7f1869dffc6a]
/opt/Xilinx/Vivado/2021.2/lib/lnx64.o/librdi_wavedata.so(SimBridge::DataObjMgr::getTransitions(SimBridge::DataObj const*, long long, long long, long long, SimBridge::ValueFormat const&, bool, std::vector<SimBridge::Transition, std::allocator<SimBridge::Transition> >&) const+0xa2c) [0x7f1869dfeb6c]
/opt/Xilinx/Vivado/2021.2/lib/lnx64.o/librdi_wavedata.so(SimBridge::DataReader::getTransitions(SimBridge::IDataObj const*, long long, long long, long long, SimBridge::ValueFormat const&, std::vector<SimBridge::Transition, std::allocator<SimBridge::Transition> >&) const+0x9f) [0x7f1869e0d89f]
/opt/Xilinx/Vivado/2021.2/lib/lnx64.o/librdi_wavedata.so(SG_Model::ModelImp::getTransitions(SimBridge::IDataObj const*, SG_Model::IDatabase*, long long, long long, long long, SimBridge::ValueFormat const&, bool, std::vector<SimBridge::Transition, std::allocator<SimBridge::Transition> >&) const+0xbd) [0x7f1869eb96ed]
/opt/Xilinx/Vivado/2021.2/lib/lnx64.o/librdi_wavedata.so(SG_Model::Model::getTransitions(SG_Model::WVDataObject const*, long long, long long, long long, SimBridge::ValueFormat const&, bool, std::vector<SimBridge::Transition, std::allocator<SimBridge::Transition> >&) const+0x102) [0x7f1869eb9a72]
/opt/Xilinx/Vivado/2021.2/lib/lnx64.o/librdi_wavedata.so(+0x321b16) [0x7f1869eedb16]
/opt/Xilinx/Vivado/2021.2/lib/lnx64.o/librdi_wavedata.so(SG_Model::WaveformRender::render(SG_Model::WVDataObject const&)+0x261) [0x7f1869ee9601]
/opt/Xilinx/Vivado/2021.2/lib/lnx64.o/librdi_wavedata.so(WaveViewer::WVWaveformPanel::WaveformTraverser::drawWaveform(SG_Model::WVDataObject const*, int, int)+0x602) [0x7f1869f73412]
/opt/Xilinx/Vivado/2021.2/lib/lnx64.o/librdi_wavedata.so(WaveViewer::WVWaveformPanel::WaveformTraverser::handleItemSize(WaveViewer::WVTreeWVObjectModel::ITraverseHandler::TraverseItem const&)+0x4a) [0x7f1869f7357a]
/opt/Xilinx/Vivado/2021.2/lib/lnx64.o/librdi_wavedata.so(WaveViewer::WVTreeWVObjectModel::traverseYRange(SG_Model::WVDataObject const*, WaveViewer::WVTreeWVObjectModel::ITraverseHandler&, int, int, int&, int&) const+0x294) [0x7f1869f53f84]
/opt/Xilinx/Vivado/2021.2/lib/lnx64.o/librdi_wavedata.so(WaveViewer::WVTreeWVObjectModel::traverseYRange(SG_Model::WVDataObject const*, WaveViewer::WVTreeWVObjectModel::ITraverseHandler&, int, int, int&, int&) const+0x361) [0x7f1869f54051]
/opt/Xilinx/Vivado/2021.2/lib/lnx64.o/librdi_wavedata.so(WaveViewer::WVTreeWVObjectModel::traverseYRange(SG_Model::WVDataObject const*, WaveViewer::WVTreeWVObjectModel::ITraverseHandler&, int, int, int&, int&) const+0x361) [0x7f1869f54051]
/opt/Xilinx/Vivado/2021.2/lib/lnx64.o/librdi_wavedata.so(WaveViewer::WVTreeWVObjectModel::traverseYRange(SG_Model::WVDataObject const*, WaveViewer::WVTreeWVObjectModel::ITraverseHandler&, int, int, int&, int&) const+0x361) [0x7f1869f54051]
/opt/Xilinx/Vivado/2021.2/lib/lnx64.o/librdi_wavedata.so(WaveViewer::WVTreeWVObjectModel::traverseYRange(SG_Model::WVDataObject const*, WaveViewer::WVTreeWVObjectModel::ITraverseHandler&, int, int, int&, int&) const+0x361) [0x7f1869f54051]
/opt/Xilinx/Vivado/2021.2/lib/lnx64.o/librdi_wavedata.so(WaveViewer::WVTreeWVObjectModel::traverseYRange(WaveViewer::WVTreeWVObjectModel::ITraverseHandler&, int, int) const+0x57) [0x7f1869f54187]
/opt/Xilinx/Vivado/2021.2/lib/lnx64.o/librdi_wavedata.so(WaveViewer::WVWaveformPanel::getGraphics(HDGDStringStream&, long&)+0x3c5) [0x7f1869f725f5]
/opt/Xilinx/Vivado/2021.2/lib/lnx64.o/librdi_wavedata.so(WVExecutiveImp::getGraphicsDataSize()+0x10a) [0x7f1869f29f8a]
/opt/Xilinx/Vivado/2021.2/lib/lnx64.o/librdi_wavedata.so(WVExecutive::getGraphicsDataSize()+0xf) [0x7f1869f2a4df]
/opt/Xilinx/Vivado/2021.2/lib/lnx64.o/librdi_wavedata.so(Java_ui_views_waveform_waveformi_WVExecutive_1getGraphicsDataSize+0x17) [0x7f1869f7f907]
[0x7f1848ba8a04]
